Using pre-set license
Built from '2020.3/release' branch; Version is '2020.3.12f1 (b3b2c6512326) revision 11776710'; Using compiler version '192528614'; Build Type 'Release'
OS: 'Windows 10 Pro; OS build 19043.1165; Version 2009; 64bit' Language: 'en' Physical Memory: 16328 MB
BatchMode: 1, IsHumanControllingUs: 0, StartBugReporterOnCrash: 0, Is64bit: 1, IsPro: 0

 COMMAND LINE ARGUMENTS:
C:\Program Files\Unity\Hub\Editor\2020.3.12f1\Editor\Unity.exe
-adb2
-batchMode
-noUpm
-name
AssetImportWorker0
-projectPath
E:/Projects/Repositories/2d-roguelike/2D Roguelike
-logFile
Logs/AssetImportWorker0.log
-srvPort
63734
Successfully changed project path to: E:/Projects/Repositories/2d-roguelike/2D Roguelike
E:/Projects/Repositories/2d-roguelike/2D Roguelike
Using Asset Import Pipeline V2.
Refreshing native plugins compatible for Editor in 63.38 ms, found 3 plugins.
Preloading 0 native plugins for Editor in 0.00 ms.
Initialize engine version: 2020.3.12f1 (b3b2c6512326)
[Subsystems] Discovering subsystems at path C:/Program Files/Unity/Hub/Editor/2020.3.12f1/Editor/Data/Resources/UnitySubsystems
[Subsystems] Discovering subsystems at path E:/Projects/Repositories/2d-roguelike/2D Roguelike/Assets
GfxDevice: creating device client; threaded=0
Direct3D:
    Version:  Direct3D 11.0 [level 11.1]
    Renderer: NVIDIA GeForce GTX 1070 (ID=0x1b81)
    Vendor:   
    VRAM:     8088 MB
    Driver:   27.21.14.6677
Initialize mono
Mono path[0] = 'C:/Program Files/Unity/Hub/Editor/2020.3.12f1/Editor/Data/Managed'
Mono path[1] = 'C:/Program Files/Unity/Hub/Editor/2020.3.12f1/Editor/Data/MonoBleedingEdge/lib/mono/unityjit'
Mono config path = 'C:/Program Files/Unity/Hub/Editor/2020.3.12f1/Editor/Data/MonoBleedingEdge/etc'
Using monoOptions --debugger-agent=transport=dt_socket,embedding=1,server=y,suspend=n,address=127.0.0.1:56876
Begin MonoManager ReloadAssembly
Registering precompiled unity dll's ...
Register platform support module: C:/Program Files/Unity/Hub/Editor/2020.3.12f1/Editor/Data/PlaybackEngines/WindowsStandaloneSupport/UnityEditor.WindowsStandalone.Extensions.dll
Registered in 0.002403 seconds.
Native extension for WindowsStandalone target not found
Refreshing native plugins compatible for Editor in 54.21 ms, found 3 plugins.
Preloading 0 native plugins for Editor in 0.00 ms.
Mono: successfully reloaded assembly
- Completed reload, in  1.317 seconds
Platform modules already initialized, skipping
Registering precompiled user dll's ...
Registered in 0.009364 seconds.
Begin MonoManager ReloadAssembly
Native extension for WindowsStandalone target not found
Refreshing native plugins compatible for Editor in 52.45 ms, found 3 plugins.
Preloading 0 native plugins for Editor in 0.00 ms.
Mono: successfully reloaded assembly
- Completed reload, in  1.346 seconds
Platform modules already initialized, skipping
========================================================================
Worker process is ready to serve import requests
Launched and connected shader compiler UnityShaderCompiler.exe after 0.13 seconds
Refreshing native plugins compatible for Editor in 0.49 ms, found 3 plugins.
Preloading 0 native plugins for Editor in 0.00 ms.
Unloading 2092 Unused Serialized files (Serialized files now loaded: 0)
System memory in use before: 93.2 MB.
System memory in use after: 93.2 MB.

Unloading 33 unused Assets to reduce memory usage. Loaded Objects now: 2527.
Total: 2.482800 ms (FindLiveObjects: 0.237100 ms CreateObjectMapping: 0.122000 ms MarkObjects: 1.972300 ms  DeleteObjects: 0.149800 ms)

AssetImportParameters requested are different than current active one (requested -> active):
  custom:framework-win-MediaFoundation: 216162199b28c13a410421893ffa2e32 -> 
  custom:video-decoder-ogg-theora: a1e56fd34408186e4bbccfd4996cb3dc -> 
  custom:container-muxer-webm: aa71ff27fc2769a1b78a27578f13a17b -> 
  custom:container-demuxer-webm: 4f35f7cbe854078d1ac9338744f61a02 -> 
  custom:container-demuxer-ogg: 62fdf1f143b41e24485cea50d1cbac27 -> 
  custom:video-encoder-webm-vp8: eb34c28f22e8b96e1ab97ce403110664 -> 
  custom:video-decoder-webm-vp8: 9c59270c3fd7afecdb556c50c9e8de78 -> 
  custom:audio-decoder-ogg-vorbis: bf7c407c2cedff20999df2af8eb42d56 -> 
  custom:audio-encoder-webm-vorbis: bf7c407c2cedff20999df2af8eb42d56 -> 
========================================================================
Received Import Request.
  path: Assets/Scripts/Rooms/RoomSpawner.cs
  artifactKey: Guid(eee9243fe3b376b40887bb271e6f4217) Importer(815301076,1909f56bfc062723c751e8b465ee728b)
Start importing Assets/Scripts/Rooms/RoomSpawner.cs using Guid(eee9243fe3b376b40887bb271e6f4217) Importer(815301076,1909f56bfc062723c751e8b465ee728b)  -> (artifact id: '0801e23c54fe779bd869273867c0c6d0') in 0.041022 seconds 
  Import took 0.044866 seconds .

========================================================================
Received Prepare
Refreshing native plugins compatible for Editor in 16.11 ms, found 3 plugins.
Preloading 0 native plugins for Editor in 0.00 ms.
Unloading 19 Unused Serialized files (Serialized files now loaded: 0)
System memory in use before: 52.1 MB.
System memory in use after: 52.1 MB.

Unloading 19 unused Assets to reduce memory usage. Loaded Objects now: 2527.
Total: 5.283500 ms (FindLiveObjects: 0.387100 ms CreateObjectMapping: 0.136200 ms MarkObjects: 4.562700 ms  DeleteObjects: 0.195500 ms)

AssetImportParameters requested are different than current active one (requested -> active):
  custom:framework-win-MediaFoundation: 216162199b28c13a410421893ffa2e32 -> 
  custom:video-decoder-ogg-theora: a1e56fd34408186e4bbccfd4996cb3dc -> 
  custom:container-muxer-webm: aa71ff27fc2769a1b78a27578f13a17b -> 
  custom:container-demuxer-webm: 4f35f7cbe854078d1ac9338744f61a02 -> 
  custom:container-demuxer-ogg: 62fdf1f143b41e24485cea50d1cbac27 -> 
  custom:video-encoder-webm-vp8: eb34c28f22e8b96e1ab97ce403110664 -> 
  custom:video-decoder-webm-vp8: 9c59270c3fd7afecdb556c50c9e8de78 -> 
  custom:audio-decoder-ogg-vorbis: bf7c407c2cedff20999df2af8eb42d56 -> 
  custom:audio-encoder-webm-vorbis: bf7c407c2cedff20999df2af8eb42d56 -> 
========================================================================
Received Prepare
Registering precompiled user dll's ...
Registered in 0.009607 seconds.
Begin MonoManager ReloadAssembly
Native extension for WindowsStandalone target not found
Refreshing native plugins compatible for Editor in 0.54 ms, found 3 plugins.
Preloading 0 native plugins for Editor in 0.00 ms.
Mono: successfully reloaded assembly
- Completed reload, in  1.256 seconds
Platform modules already initialized, skipping
Refreshing native plugins compatible for Editor in 0.50 ms, found 3 plugins.
Preloading 0 native plugins for Editor in 0.00 ms.
Unloading 2087 Unused Serialized files (Serialized files now loaded: 0)
System memory in use before: 93.2 MB.
System memory in use after: 93.2 MB.

Unloading 21 unused Assets to reduce memory usage. Loaded Objects now: 2531.
Total: 2.343000 ms (FindLiveObjects: 0.166200 ms CreateObjectMapping: 0.077800 ms MarkObjects: 1.959400 ms  DeleteObjects: 0.138000 ms)

AssetImportParameters requested are different than current active one (requested -> active):
  custom:framework-win-MediaFoundation: 216162199b28c13a410421893ffa2e32 -> 
  custom:video-decoder-ogg-theora: a1e56fd34408186e4bbccfd4996cb3dc -> 
  custom:container-muxer-webm: aa71ff27fc2769a1b78a27578f13a17b -> 
  custom:container-demuxer-webm: 4f35f7cbe854078d1ac9338744f61a02 -> 
  custom:container-demuxer-ogg: 62fdf1f143b41e24485cea50d1cbac27 -> 
  custom:video-encoder-webm-vp8: eb34c28f22e8b96e1ab97ce403110664 -> 
  custom:video-decoder-webm-vp8: 9c59270c3fd7afecdb556c50c9e8de78 -> 
  custom:audio-decoder-ogg-vorbis: bf7c407c2cedff20999df2af8eb42d56 -> 
  custom:audio-encoder-webm-vorbis: bf7c407c2cedff20999df2af8eb42d56 -> 
========================================================================
Received Import Request.
  Time since last request: 513.574200 seconds.
  path: Assets/Prefabs/Rooms/B.prefab
  artifactKey: Guid(b81a3c808a75d3449ab7129ed51c1d4e) Importer(815301076,1909f56bfc062723c751e8b465ee728b)
Start importing Assets/Prefabs/Rooms/B.prefab using Guid(b81a3c808a75d3449ab7129ed51c1d4e) Importer(815301076,1909f56bfc062723c751e8b465ee728b)  -> (artifact id: '3682741bc3aee6b21931ca5dc42010f0') in 0.099673 seconds 
  Import took 0.103603 seconds .

========================================================================
Received Import Request.
  Time since last request: 1.668169 seconds.
  path: Assets/Prefabs/Rooms/B.prefab
  artifactKey: Guid(b81a3c808a75d3449ab7129ed51c1d4e) Importer(815301076,1909f56bfc062723c751e8b465ee728b)
Start importing Assets/Prefabs/Rooms/B.prefab using Guid(b81a3c808a75d3449ab7129ed51c1d4e) Importer(815301076,1909f56bfc062723c751e8b465ee728b)  -> (artifact id: 'dc7ab98a10b13120280c3dc84c479b1b') in 0.015049 seconds 
  Import took 0.019272 seconds .

========================================================================
Received Import Request.
  Time since last request: 8.042227 seconds.
  path: Assets/Prefabs/Rooms/L.prefab
  artifactKey: Guid(06b2e86691995fb47b3ae79c85cf174a) Importer(815301076,1909f56bfc062723c751e8b465ee728b)
Start importing Assets/Prefabs/Rooms/L.prefab using Guid(06b2e86691995fb47b3ae79c85cf174a) Importer(815301076,1909f56bfc062723c751e8b465ee728b)  -> (artifact id: 'e5aba93746817d356ca0d9a359d2668c') in 0.016469 seconds 
  Import took 0.020688 seconds .

========================================================================
Received Import Request.
  Time since last request: 0.356419 seconds.
  path: Assets/Prefabs/Rooms/L.prefab
  artifactKey: Guid(06b2e86691995fb47b3ae79c85cf174a) Importer(815301076,1909f56bfc062723c751e8b465ee728b)
Start importing Assets/Prefabs/Rooms/L.prefab using Guid(06b2e86691995fb47b3ae79c85cf174a) Importer(815301076,1909f56bfc062723c751e8b465ee728b)  -> (artifact id: '191677c765142f7934414f88e64667ef') in 0.014598 seconds 
  Import took 0.018339 seconds .

========================================================================
Received Import Request.
  Time since last request: 0.386948 seconds.
  path: Assets/Prefabs/Rooms/L.prefab
  artifactKey: Guid(06b2e86691995fb47b3ae79c85cf174a) Importer(815301076,1909f56bfc062723c751e8b465ee728b)
Start importing Assets/Prefabs/Rooms/L.prefab using Guid(06b2e86691995fb47b3ae79c85cf174a) Importer(815301076,1909f56bfc062723c751e8b465ee728b)  -> (artifact id: 'e1a93cc096be3f5b7336ee8a1f081256') in 0.013633 seconds 
  Import took 0.017622 seconds .

========================================================================
Received Import Request.
  Time since last request: 11.616126 seconds.
  path: Assets/Prefabs/Rooms/LR.prefab
  artifactKey: Guid(025d5db8ab1f4cf419f52819ef8bae62) Importer(815301076,1909f56bfc062723c751e8b465ee728b)
Start importing Assets/Prefabs/Rooms/LR.prefab using Guid(025d5db8ab1f4cf419f52819ef8bae62) Importer(815301076,1909f56bfc062723c751e8b465ee728b)  -> (artifact id: 'cd654f636738630737c78d003f511c48') in 0.020127 seconds 
  Import took 0.024339 seconds .

========================================================================
Received Import Request.
  Time since last request: 2.487875 seconds.
  path: Assets/Prefabs/Rooms/R.prefab
  artifactKey: Guid(3364db0b78b1f9a45af3697b71fef53d) Importer(815301076,1909f56bfc062723c751e8b465ee728b)
Start importing Assets/Prefabs/Rooms/R.prefab using Guid(3364db0b78b1f9a45af3697b71fef53d) Importer(815301076,1909f56bfc062723c751e8b465ee728b)  -> (artifact id: '6e00fc89c733d997388efe3313528727') in 0.017194 seconds 
  Import took 0.021085 seconds .

========================================================================
Received Import Request.
  Time since last request: 2.888301 seconds.
  path: Assets/Prefabs/Rooms/RB.prefab
  artifactKey: Guid(1f5ac7890361b8e459b82283ee80076f) Importer(815301076,1909f56bfc062723c751e8b465ee728b)
Start importing Assets/Prefabs/Rooms/RB.prefab using Guid(1f5ac7890361b8e459b82283ee80076f) Importer(815301076,1909f56bfc062723c751e8b465ee728b)  -> (artifact id: 'b6306f1775dda8213d24389730391624') in 0.018335 seconds 
  Import took 0.022418 seconds .

========================================================================
Received Import Request.
  Time since last request: 0.005851 seconds.
  path: Assets/Prefabs/Rooms/RB.prefab
  artifactKey: Guid(1f5ac7890361b8e459b82283ee80076f) Importer(815301076,1909f56bfc062723c751e8b465ee728b)
Start importing Assets/Prefabs/Rooms/RB.prefab using Guid(1f5ac7890361b8e459b82283ee80076f) Importer(815301076,1909f56bfc062723c751e8b465ee728b)  -> (artifact id: 'b6306f1775dda8213d24389730391624') in 0.014146 seconds 
  Import took 0.017782 seconds .

========================================================================
Received Import Request.
  Time since last request: 0.150921 seconds.
  path: Assets/Prefabs/Rooms/RB.prefab
  artifactKey: Guid(1f5ac7890361b8e459b82283ee80076f) Importer(815301076,1909f56bfc062723c751e8b465ee728b)
Start importing Assets/Prefabs/Rooms/RB.prefab using Guid(1f5ac7890361b8e459b82283ee80076f) Importer(815301076,1909f56bfc062723c751e8b465ee728b)  -> (artifact id: '3316e1ef69a719575eb8d60c2ac33e8d') in 0.024612 seconds 
  Import took 0.028641 seconds .

========================================================================
Received Import Request.
  Time since last request: 0.172121 seconds.
  path: Assets/Prefabs/Rooms/RB.prefab
  artifactKey: Guid(1f5ac7890361b8e459b82283ee80076f) Importer(815301076,1909f56bfc062723c751e8b465ee728b)
Start importing Assets/Prefabs/Rooms/RB.prefab using Guid(1f5ac7890361b8e459b82283ee80076f) Importer(815301076,1909f56bfc062723c751e8b465ee728b)  -> (artifact id: 'dcea2146a08da5280371a8b6f00c9f2e') in 0.013823 seconds 
  Import took 0.017731 seconds .

========================================================================
Received Import Request.
  Time since last request: 3.424999 seconds.
  path: Assets/Prefabs/Rooms/T.prefab
  artifactKey: Guid(df5cdcffe3ba6c942bd2e6c72d92ff28) Importer(815301076,1909f56bfc062723c751e8b465ee728b)
Start importing Assets/Prefabs/Rooms/T.prefab using Guid(df5cdcffe3ba6c942bd2e6c72d92ff28) Importer(815301076,1909f56bfc062723c751e8b465ee728b)  -> (artifact id: '9a1306b99b78a40c0790476f9f13ebb9') in 0.019350 seconds 
  Import took 0.023128 seconds .

========================================================================
Received Import Request.
  Time since last request: 3.252211 seconds.
  path: Assets/Prefabs/Rooms/TB.prefab
  artifactKey: Guid(26e8fe2062836d541a6c60c11e2f069c) Importer(815301076,1909f56bfc062723c751e8b465ee728b)
Start importing Assets/Prefabs/Rooms/TB.prefab using Guid(26e8fe2062836d541a6c60c11e2f069c) Importer(815301076,1909f56bfc062723c751e8b465ee728b)  -> (artifact id: '53c14590513e6929ab35a6544bdf524d') in 0.016745 seconds 
  Import took 0.020812 seconds .

========================================================================
Received Import Request.
  Time since last request: 0.009195 seconds.
  path: Assets/Prefabs/Rooms/TB.prefab
  artifactKey: Guid(26e8fe2062836d541a6c60c11e2f069c) Importer(815301076,1909f56bfc062723c751e8b465ee728b)
Start importing Assets/Prefabs/Rooms/TB.prefab using Guid(26e8fe2062836d541a6c60c11e2f069c) Importer(815301076,1909f56bfc062723c751e8b465ee728b)  -> (artifact id: '53c14590513e6929ab35a6544bdf524d') in 0.012656 seconds 
  Import took 0.016371 seconds .

========================================================================
Received Import Request.
  Time since last request: 0.365846 seconds.
  path: Assets/Prefabs/Rooms/TB.prefab
  artifactKey: Guid(26e8fe2062836d541a6c60c11e2f069c) Importer(815301076,1909f56bfc062723c751e8b465ee728b)
Start importing Assets/Prefabs/Rooms/TB.prefab using Guid(26e8fe2062836d541a6c60c11e2f069c) Importer(815301076,1909f56bfc062723c751e8b465ee728b)  -> (artifact id: '07ca6dedaaac77ea9b2e8710357b3050') in 0.012860 seconds 
  Import took 0.017033 seconds .

========================================================================
Received Import Request.
  Time since last request: 3.260233 seconds.
  path: Assets/Prefabs/Rooms/TL.prefab
  artifactKey: Guid(60188dbf52e1b0c49837ae2448e33037) Importer(815301076,1909f56bfc062723c751e8b465ee728b)
Start importing Assets/Prefabs/Rooms/TL.prefab using Guid(60188dbf52e1b0c49837ae2448e33037) Importer(815301076,1909f56bfc062723c751e8b465ee728b)  -> (artifact id: '844cec0b4e898bbc4552bd4652eaddce') in 0.014598 seconds 
  Import took 0.018378 seconds .

========================================================================
Received Import Request.
  Time since last request: 2.812074 seconds.
  path: Assets/Prefabs/Rooms/TR.prefab
  artifactKey: Guid(e38ea22576731d94a93caa7f015bca57) Importer(815301076,1909f56bfc062723c751e8b465ee728b)
Start importing Assets/Prefabs/Rooms/TR.prefab using Guid(e38ea22576731d94a93caa7f015bca57) Importer(815301076,1909f56bfc062723c751e8b465ee728b)  -> (artifact id: '82da47a2c45c37ff83e736c21c3a909f') in 0.019459 seconds 
  Import took 0.023345 seconds .

========================================================================
Received Import Request.
  Time since last request: 0.003560 seconds.
  path: Assets/Prefabs/Rooms/TR.prefab
  artifactKey: Guid(e38ea22576731d94a93caa7f015bca57) Importer(815301076,1909f56bfc062723c751e8b465ee728b)
Start importing Assets/Prefabs/Rooms/TR.prefab using Guid(e38ea22576731d94a93caa7f015bca57) Importer(815301076,1909f56bfc062723c751e8b465ee728b)  -> (artifact id: '82da47a2c45c37ff83e736c21c3a909f') in 0.013273 seconds 
  Import took 0.016985 seconds .

========================================================================
Received Import Request.
  Time since last request: 0.173809 seconds.
  path: Assets/Prefabs/Rooms/TR.prefab
  artifactKey: Guid(e38ea22576731d94a93caa7f015bca57) Importer(815301076,1909f56bfc062723c751e8b465ee728b)
Start importing Assets/Prefabs/Rooms/TR.prefab using Guid(e38ea22576731d94a93caa7f015bca57) Importer(815301076,1909f56bfc062723c751e8b465ee728b)  -> (artifact id: '3a1cb0e73d1d82974334ffaa08574e17') in 0.013680 seconds 
  Import took 0.018106 seconds .

========================================================================
Received Prepare
Registering precompiled user dll's ...
Registered in 0.009229 seconds.
Begin MonoManager ReloadAssembly
Native extension for WindowsStandalone target not found
Refreshing native plugins compatible for Editor in 0.50 ms, found 3 plugins.
Preloading 0 native plugins for Editor in 0.00 ms.
Mono: successfully reloaded assembly
- Completed reload, in  1.288 seconds
Platform modules already initialized, skipping
Refreshing native plugins compatible for Editor in 0.51 ms, found 3 plugins.
Preloading 0 native plugins for Editor in 0.00 ms.
Unloading 2087 Unused Serialized files (Serialized files now loaded: 0)
System memory in use before: 96.4 MB.
System memory in use after: 96.3 MB.

Unloading 21 unused Assets to reduce memory usage. Loaded Objects now: 2542.
Total: 2.570000 ms (FindLiveObjects: 0.217600 ms CreateObjectMapping: 0.143900 ms MarkObjects: 2.086400 ms  DeleteObjects: 0.120700 ms)

AssetImportParameters requested are different than current active one (requested -> active):
  custom:framework-win-MediaFoundation: 216162199b28c13a410421893ffa2e32 -> 
  custom:video-decoder-ogg-theora: a1e56fd34408186e4bbccfd4996cb3dc -> 
  custom:container-muxer-webm: aa71ff27fc2769a1b78a27578f13a17b -> 
  custom:container-demuxer-webm: 4f35f7cbe854078d1ac9338744f61a02 -> 
  custom:container-demuxer-ogg: 62fdf1f143b41e24485cea50d1cbac27 -> 
  custom:video-encoder-webm-vp8: eb34c28f22e8b96e1ab97ce403110664 -> 
  custom:video-decoder-webm-vp8: 9c59270c3fd7afecdb556c50c9e8de78 -> 
  custom:audio-decoder-ogg-vorbis: bf7c407c2cedff20999df2af8eb42d56 -> 
  custom:audio-encoder-webm-vorbis: bf7c407c2cedff20999df2af8eb42d56 -> 
========================================================================
Received Import Request.
  Time since last request: 201.364740 seconds.
  path: Assets/Prefabs/Rooms/B.prefab
  artifactKey: Guid(b81a3c808a75d3449ab7129ed51c1d4e) Importer(815301076,1909f56bfc062723c751e8b465ee728b)
Start importing Assets/Prefabs/Rooms/B.prefab using Guid(b81a3c808a75d3449ab7129ed51c1d4e) Importer(815301076,1909f56bfc062723c751e8b465ee728b)  -> (artifact id: 'b3d214a6bc192ad8dfd2c3ffc292d1b8') in 0.067418 seconds 
  Import took 0.071708 seconds .

========================================================================
Received Import Request.
  Time since last request: 16.105799 seconds.
  path: Assets/Prefabs/Rooms/B.prefab
  artifactKey: Guid(b81a3c808a75d3449ab7129ed51c1d4e) Importer(815301076,1909f56bfc062723c751e8b465ee728b)
Start importing Assets/Prefabs/Rooms/B.prefab using Guid(b81a3c808a75d3449ab7129ed51c1d4e) Importer(815301076,1909f56bfc062723c751e8b465ee728b)  -> (artifact id: 'c7470fc7e9bbe9d545b737c6a28473be') in 0.013803 seconds 
  Import took 0.018234 seconds .

========================================================================
Received Import Request.
  Time since last request: 11.362526 seconds.
  path: Assets/Prefabs/Rooms/B.prefab
  artifactKey: Guid(b81a3c808a75d3449ab7129ed51c1d4e) Importer(815301076,1909f56bfc062723c751e8b465ee728b)
Start importing Assets/Prefabs/Rooms/B.prefab using Guid(b81a3c808a75d3449ab7129ed51c1d4e) Importer(815301076,1909f56bfc062723c751e8b465ee728b)  -> (artifact id: 'e7d8be74ab9c05d61d7ded24e34f53ac') in 0.013544 seconds 
  Import took 0.018127 seconds .

========================================================================
Received Import Request.
  Time since last request: 7.066695 seconds.
  path: Assets/Prefabs/Rooms/B.prefab
  artifactKey: Guid(b81a3c808a75d3449ab7129ed51c1d4e) Importer(815301076,1909f56bfc062723c751e8b465ee728b)
Start importing Assets/Prefabs/Rooms/B.prefab using Guid(b81a3c808a75d3449ab7129ed51c1d4e) Importer(815301076,1909f56bfc062723c751e8b465ee728b)  -> (artifact id: 'c384f920f0fe1efdd85850c95f64eb49') in 0.013387 seconds 
  Import took 0.017494 seconds .

========================================================================
Received Import Request.
  Time since last request: 3.048670 seconds.
  path: Assets/Prefabs/Rooms/B.prefab
  artifactKey: Guid(b81a3c808a75d3449ab7129ed51c1d4e) Importer(815301076,1909f56bfc062723c751e8b465ee728b)
Start importing Assets/Prefabs/Rooms/B.prefab using Guid(b81a3c808a75d3449ab7129ed51c1d4e) Importer(815301076,1909f56bfc062723c751e8b465ee728b)  -> (artifact id: '68e65d48d0b2879631ba3dd189acff79') in 0.011941 seconds 
  Import took 0.016505 seconds .

========================================================================
Received Import Request.
  Time since last request: 73.117461 seconds.
  path: Assets/Prefabs/Rooms/B.prefab
  artifactKey: Guid(b81a3c808a75d3449ab7129ed51c1d4e) Importer(815301076,1909f56bfc062723c751e8b465ee728b)
Start importing Assets/Prefabs/Rooms/B.prefab using Guid(b81a3c808a75d3449ab7129ed51c1d4e) Importer(815301076,1909f56bfc062723c751e8b465ee728b)  -> (artifact id: 'bb266f9b7ccc182915598f3afc8647eb') in 0.012299 seconds 
  Import took 0.017010 seconds .

========================================================================
Received Import Request.
  Time since last request: 47.236907 seconds.
  path: Assets/Prefabs/Rooms/B.prefab
  artifactKey: Guid(b81a3c808a75d3449ab7129ed51c1d4e) Importer(815301076,1909f56bfc062723c751e8b465ee728b)
Start importing Assets/Prefabs/Rooms/B.prefab using Guid(b81a3c808a75d3449ab7129ed51c1d4e) Importer(815301076,1909f56bfc062723c751e8b465ee728b)  -> (artifact id: 'df10afe752f5c9e13be808f874bedc1f') in 0.013783 seconds 
  Import took 0.017701 seconds .

========================================================================
Received Import Request.
  Time since last request: 5.628815 seconds.
  path: Assets/Prefabs/Rooms/B.prefab
  artifactKey: Guid(b81a3c808a75d3449ab7129ed51c1d4e) Importer(815301076,1909f56bfc062723c751e8b465ee728b)
Start importing Assets/Prefabs/Rooms/B.prefab using Guid(b81a3c808a75d3449ab7129ed51c1d4e) Importer(815301076,1909f56bfc062723c751e8b465ee728b)  -> (artifact id: '4ce15e7decb7056079976ee37129b982') in 0.013311 seconds 
  Import took 0.017449 seconds .

========================================================================
Received Import Request.
  Time since last request: 21.804736 seconds.
  path: Assets/Prefabs/Rooms/B.prefab
  artifactKey: Guid(b81a3c808a75d3449ab7129ed51c1d4e) Importer(815301076,1909f56bfc062723c751e8b465ee728b)
Start importing Assets/Prefabs/Rooms/B.prefab using Guid(b81a3c808a75d3449ab7129ed51c1d4e) Importer(815301076,1909f56bfc062723c751e8b465ee728b)  -> (artifact id: '9094644985fa397efb3f3dada7c1b3ba') in 0.013686 seconds 
  Import took 0.017958 seconds .

========================================================================
Received Import Request.
  Time since last request: 4.853096 seconds.
  path: Assets/Prefabs/Rooms/B.prefab
  artifactKey: Guid(b81a3c808a75d3449ab7129ed51c1d4e) Importer(815301076,1909f56bfc062723c751e8b465ee728b)
Start importing Assets/Prefabs/Rooms/B.prefab using Guid(b81a3c808a75d3449ab7129ed51c1d4e) Importer(815301076,1909f56bfc062723c751e8b465ee728b)  -> (artifact id: 'f198aa1c6413bb7759e5578ad0b90c75') in 0.014350 seconds 
  Import took 0.018528 seconds .

========================================================================
Received Import Request.
  Time since last request: 31.211122 seconds.
  path: Assets/Prefabs/Rooms/Entry Room.prefab
  artifactKey: Guid(38bb8d58a521fca46b2848c3eca6fc8a) Importer(815301076,1909f56bfc062723c751e8b465ee728b)
Start importing Assets/Prefabs/Rooms/Entry Room.prefab using Guid(38bb8d58a521fca46b2848c3eca6fc8a) Importer(815301076,1909f56bfc062723c751e8b465ee728b)  -> (artifact id: '3ed8bef26423790280b2151c6fc751e4') in 0.016787 seconds 
  Import took 0.020691 seconds .

========================================================================
Received Import Request.
  Time since last request: 1.185047 seconds.
  path: Assets/Prefabs/Rooms/Entry Room.prefab
  artifactKey: Guid(38bb8d58a521fca46b2848c3eca6fc8a) Importer(815301076,1909f56bfc062723c751e8b465ee728b)
Start importing Assets/Prefabs/Rooms/Entry Room.prefab using Guid(38bb8d58a521fca46b2848c3eca6fc8a) Importer(815301076,1909f56bfc062723c751e8b465ee728b)  -> (artifact id: 'd85fa856ac477adfb7d2ab5c021ec970') in 0.013039 seconds 
  Import took 0.017007 seconds .

========================================================================
Received Import Request.
  Time since last request: 4.087831 seconds.
  path: Assets/Prefabs/Rooms/Entry Room.prefab
  artifactKey: Guid(38bb8d58a521fca46b2848c3eca6fc8a) Importer(815301076,1909f56bfc062723c751e8b465ee728b)
Start importing Assets/Prefabs/Rooms/Entry Room.prefab using Guid(38bb8d58a521fca46b2848c3eca6fc8a) Importer(815301076,1909f56bfc062723c751e8b465ee728b)  -> (artifact id: '32486b33a15f5195d6db4dfbd3fda845') in 0.014309 seconds 
  Import took 0.018342 seconds .

========================================================================
Received Import Request.
  Time since last request: 316.190400 seconds.
  path: Assets/Prefabs/Rooms/Entry Room.prefab
  artifactKey: Guid(38bb8d58a521fca46b2848c3eca6fc8a) Importer(815301076,1909f56bfc062723c751e8b465ee728b)
Start importing Assets/Prefabs/Rooms/Entry Room.prefab using Guid(38bb8d58a521fca46b2848c3eca6fc8a) Importer(815301076,1909f56bfc062723c751e8b465ee728b)  -> (artifact id: '54572e6e71a2d7bdc6f48f2e5a6a6a66') in 0.014080 seconds 
  Import took 0.018683 seconds .

========================================================================
Received Import Request.
  Time since last request: 7.269454 seconds.
  path: Assets/Prefabs/Rooms/Entry Room.prefab
  artifactKey: Guid(38bb8d58a521fca46b2848c3eca6fc8a) Importer(815301076,1909f56bfc062723c751e8b465ee728b)
Start importing Assets/Prefabs/Rooms/Entry Room.prefab using Guid(38bb8d58a521fca46b2848c3eca6fc8a) Importer(815301076,1909f56bfc062723c751e8b465ee728b)  -> (artifact id: '328dc91742bec2ca36c8123189be3cee') in 0.014905 seconds 
  Import took 0.019173 seconds .

========================================================================
Received Import Request.
  Time since last request: 1.594331 seconds.
  path: Assets/Prefabs/Rooms/Entry Room.prefab
  artifactKey: Guid(38bb8d58a521fca46b2848c3eca6fc8a) Importer(815301076,1909f56bfc062723c751e8b465ee728b)
Start importing Assets/Prefabs/Rooms/Entry Room.prefab using Guid(38bb8d58a521fca46b2848c3eca6fc8a) Importer(815301076,1909f56bfc062723c751e8b465ee728b)  -> (artifact id: '8aa17e7276e4aeb0e1fb294db0079a1c') in 0.020216 seconds 
  Import took 0.024320 seconds .

========================================================================
Received Import Request.
  Time since last request: 4.243655 seconds.
  path: Assets/Prefabs/Rooms/Entry Room.prefab
  artifactKey: Guid(38bb8d58a521fca46b2848c3eca6fc8a) Importer(815301076,1909f56bfc062723c751e8b465ee728b)
Start importing Assets/Prefabs/Rooms/Entry Room.prefab using Guid(38bb8d58a521fca46b2848c3eca6fc8a) Importer(815301076,1909f56bfc062723c751e8b465ee728b)  -> (artifact id: '8f7b8dfacea0bfa7cd8a010d5b8a95a0') in 0.014176 seconds 
  Import took 0.018287 seconds .

========================================================================
Received Import Request.
  Time since last request: 26.802444 seconds.
  path: Assets/Prefabs/Rooms/L.prefab
  artifactKey: Guid(06b2e86691995fb47b3ae79c85cf174a) Importer(815301076,1909f56bfc062723c751e8b465ee728b)
Start importing Assets/Prefabs/Rooms/L.prefab using Guid(06b2e86691995fb47b3ae79c85cf174a) Importer(815301076,1909f56bfc062723c751e8b465ee728b)  -> (artifact id: '418e2db42edefb5a81e08464694acddf') in 0.013411 seconds 
  Import took 0.017345 seconds .

========================================================================
Received Import Request.
  Time since last request: 3.996389 seconds.
  path: Assets/Prefabs/Rooms/L.prefab
  artifactKey: Guid(06b2e86691995fb47b3ae79c85cf174a) Importer(815301076,1909f56bfc062723c751e8b465ee728b)
Start importing Assets/Prefabs/Rooms/L.prefab using Guid(06b2e86691995fb47b3ae79c85cf174a) Importer(815301076,1909f56bfc062723c751e8b465ee728b)  -> (artifact id: '6c9424fc58e44a1797782dea82fdc96b') in 0.026779 seconds 
  Import took 0.031082 seconds .

========================================================================
Received Import Request.
  Time since last request: 1.601476 seconds.
  path: Assets/Prefabs/Rooms/L.prefab
  artifactKey: Guid(06b2e86691995fb47b3ae79c85cf174a) Importer(815301076,1909f56bfc062723c751e8b465ee728b)
Start importing Assets/Prefabs/Rooms/L.prefab using Guid(06b2e86691995fb47b3ae79c85cf174a) Importer(815301076,1909f56bfc062723c751e8b465ee728b)  -> (artifact id: '6673c17859857e74b3565a9c09a0f6d9') in 0.013899 seconds 
  Import took 0.018112 seconds .

========================================================================
Received Import Request.
  Time since last request: 96.223000 seconds.
  path: Assets/Prefabs/Rooms/L.prefab
  artifactKey: Guid(06b2e86691995fb47b3ae79c85cf174a) Importer(815301076,1909f56bfc062723c751e8b465ee728b)
Start importing Assets/Prefabs/Rooms/L.prefab using Guid(06b2e86691995fb47b3ae79c85cf174a) Importer(815301076,1909f56bfc062723c751e8b465ee728b)  -> (artifact id: '3c33618f08c74b908286f9371e857982') in 0.027216 seconds 
  Import took 0.031279 seconds .

========================================================================
Received Import Request.
  Time since last request: 1.366605 seconds.
  path: Assets/Prefabs/Rooms/L.prefab
  artifactKey: Guid(06b2e86691995fb47b3ae79c85cf174a) Importer(815301076,1909f56bfc062723c751e8b465ee728b)
Start importing Assets/Prefabs/Rooms/L.prefab using Guid(06b2e86691995fb47b3ae79c85cf174a) Importer(815301076,1909f56bfc062723c751e8b465ee728b)  -> (artifact id: 'd35e4c92d02cdd77db5d7f29a03457af') in 0.013270 seconds 
  Import took 0.017676 seconds .

========================================================================
Received Import Request.
  Time since last request: 5.553974 seconds.
  path: Assets/Prefabs/Rooms/L.prefab
  artifactKey: Guid(06b2e86691995fb47b3ae79c85cf174a) Importer(815301076,1909f56bfc062723c751e8b465ee728b)
Start importing Assets/Prefabs/Rooms/L.prefab using Guid(06b2e86691995fb47b3ae79c85cf174a) Importer(815301076,1909f56bfc062723c751e8b465ee728b)  -> (artifact id: '2b4a8e67d1a3d5d2d20447fd1ba9e5e9') in 0.013582 seconds 
  Import took 0.017516 seconds .

========================================================================
Received Import Request.
  Time since last request: 11.305128 seconds.
  path: Assets/Prefabs/Rooms/L.prefab
  artifactKey: Guid(06b2e86691995fb47b3ae79c85cf174a) Importer(815301076,1909f56bfc062723c751e8b465ee728b)
Start importing Assets/Prefabs/Rooms/L.prefab using Guid(06b2e86691995fb47b3ae79c85cf174a) Importer(815301076,1909f56bfc062723c751e8b465ee728b)  -> (artifact id: '9f3fc02240c5da1b03d6503106b9a7e7') in 0.023582 seconds 
  Import took 0.027641 seconds .

========================================================================
Received Import Request.
  Time since last request: 1.802301 seconds.
  path: Assets/Prefabs/Rooms/L.prefab
  artifactKey: Guid(06b2e86691995fb47b3ae79c85cf174a) Importer(815301076,1909f56bfc062723c751e8b465ee728b)
Start importing Assets/Prefabs/Rooms/L.prefab using Guid(06b2e86691995fb47b3ae79c85cf174a) Importer(815301076,1909f56bfc062723c751e8b465ee728b)  -> (artifact id: '164f66253950e1fc76f551b215911244') in 0.014281 seconds 
  Import took 0.018357 seconds .

========================================================================
Received Import Request.
  Time since last request: 27.408096 seconds.
  path: Assets/Prefabs/Rooms/L.prefab
  artifactKey: Guid(06b2e86691995fb47b3ae79c85cf174a) Importer(815301076,1909f56bfc062723c751e8b465ee728b)
Start importing Assets/Prefabs/Rooms/L.prefab using Guid(06b2e86691995fb47b3ae79c85cf174a) Importer(815301076,1909f56bfc062723c751e8b465ee728b)  -> (artifact id: '66c07aa5af0fae9994fba25b1205160f') in 0.014075 seconds 
  Import took 0.018694 seconds .

========================================================================
Received Import Request.
  Time since last request: 12.647327 seconds.
  path: Assets/Prefabs/Rooms/Entry Room.prefab
  artifactKey: Guid(38bb8d58a521fca46b2848c3eca6fc8a) Importer(815301076,1909f56bfc062723c751e8b465ee728b)
Start importing Assets/Prefabs/Rooms/Entry Room.prefab using Guid(38bb8d58a521fca46b2848c3eca6fc8a) Importer(815301076,1909f56bfc062723c751e8b465ee728b)  -> (artifact id: '56396c585376d4021135bcea8e7517d0') in 0.014363 seconds 
  Import took 0.018689 seconds .

========================================================================
Received Import Request.
  Time since last request: 3.528494 seconds.
  path: Assets/Prefabs/Rooms/Entry Room.prefab
  artifactKey: Guid(38bb8d58a521fca46b2848c3eca6fc8a) Importer(815301076,1909f56bfc062723c751e8b465ee728b)
Start importing Assets/Prefabs/Rooms/Entry Room.prefab using Guid(38bb8d58a521fca46b2848c3eca6fc8a) Importer(815301076,1909f56bfc062723c751e8b465ee728b)  -> (artifact id: '1e00c8fc225e984573585b1425a71b72') in 0.013334 seconds 
  Import took 0.017433 seconds .

========================================================================
Received Import Request.
  Time since last request: 8.979584 seconds.
  path: Assets/Prefabs/Rooms/B.prefab
  artifactKey: Guid(b81a3c808a75d3449ab7129ed51c1d4e) Importer(815301076,1909f56bfc062723c751e8b465ee728b)
Start importing Assets/Prefabs/Rooms/B.prefab using Guid(b81a3c808a75d3449ab7129ed51c1d4e) Importer(815301076,1909f56bfc062723c751e8b465ee728b)  -> (artifact id: '229787ff95c2eda2ef9e33f63ea72111') in 0.016999 seconds 
  Import took 0.021208 seconds .

========================================================================
Received Import Request.
  Time since last request: 2.165072 seconds.
  path: Assets/Prefabs/Rooms/B.prefab
  artifactKey: Guid(b81a3c808a75d3449ab7129ed51c1d4e) Importer(815301076,1909f56bfc062723c751e8b465ee728b)
Start importing Assets/Prefabs/Rooms/B.prefab using Guid(b81a3c808a75d3449ab7129ed51c1d4e) Importer(815301076,1909f56bfc062723c751e8b465ee728b)  -> (artifact id: '93597134161820fab19ffb5a299c9dcb') in 0.015629 seconds 
  Import took 0.019905 seconds .

========================================================================
Received Import Request.
  Time since last request: 28.445439 seconds.
  path: Assets/Prefabs/Rooms/B.prefab
  artifactKey: Guid(b81a3c808a75d3449ab7129ed51c1d4e) Importer(815301076,1909f56bfc062723c751e8b465ee728b)
Start importing Assets/Prefabs/Rooms/B.prefab using Guid(b81a3c808a75d3449ab7129ed51c1d4e) Importer(815301076,1909f56bfc062723c751e8b465ee728b)  -> (artifact id: '75295a82adfacaddff95584fcf5520c6') in 0.013353 seconds 
  Import took 0.017320 seconds .

========================================================================
Received Import Request.
  Time since last request: 9.340048 seconds.
  path: Assets/Prefabs/Rooms/Entry Room.prefab
  artifactKey: Guid(38bb8d58a521fca46b2848c3eca6fc8a) Importer(815301076,1909f56bfc062723c751e8b465ee728b)
Start importing Assets/Prefabs/Rooms/Entry Room.prefab using Guid(38bb8d58a521fca46b2848c3eca6fc8a) Importer(815301076,1909f56bfc062723c751e8b465ee728b)  -> (artifact id: '7db33ae9b4a874f767e1f7514a085742') in 0.013804 seconds 
  Import took 0.018328 seconds .

========================================================================
Received Import Request.
  Time since last request: 6.352548 seconds.
  path: Assets/Prefabs/Rooms/L.prefab
  artifactKey: Guid(06b2e86691995fb47b3ae79c85cf174a) Importer(815301076,1909f56bfc062723c751e8b465ee728b)
Start importing Assets/Prefabs/Rooms/L.prefab using Guid(06b2e86691995fb47b3ae79c85cf174a) Importer(815301076,1909f56bfc062723c751e8b465ee728b)  -> (artifact id: '577693bb521a99f5896aa23ae0fe9678') in 0.014217 seconds 
  Import took 0.018458 seconds .

========================================================================
Received Import Request.
  Time since last request: 5.638958 seconds.
  path: Assets/Prefabs/Rooms/LR.prefab
  artifactKey: Guid(025d5db8ab1f4cf419f52819ef8bae62) Importer(815301076,1909f56bfc062723c751e8b465ee728b)
Start importing Assets/Prefabs/Rooms/LR.prefab using Guid(025d5db8ab1f4cf419f52819ef8bae62) Importer(815301076,1909f56bfc062723c751e8b465ee728b)  -> (artifact id: '4568513677f1392793da9c6bb7613768') in 0.015648 seconds 
  Import took 0.019572 seconds .

========================================================================
Received Import Request.
  Time since last request: 8.692089 seconds.
  path: Assets/Prefabs/Rooms/R.prefab
  artifactKey: Guid(3364db0b78b1f9a45af3697b71fef53d) Importer(815301076,1909f56bfc062723c751e8b465ee728b)
Start importing Assets/Prefabs/Rooms/R.prefab using Guid(3364db0b78b1f9a45af3697b71fef53d) Importer(815301076,1909f56bfc062723c751e8b465ee728b)  -> (artifact id: '8c4fdb7c9fe3abc426743b9159d3eb46') in 0.016432 seconds 
  Import took 0.020773 seconds .

========================================================================
Received Import Request.
  Time since last request: 7.877692 seconds.
  path: Assets/Prefabs/Rooms/RB.prefab
  artifactKey: Guid(1f5ac7890361b8e459b82283ee80076f) Importer(815301076,1909f56bfc062723c751e8b465ee728b)
Start importing Assets/Prefabs/Rooms/RB.prefab using Guid(1f5ac7890361b8e459b82283ee80076f) Importer(815301076,1909f56bfc062723c751e8b465ee728b)  -> (artifact id: '768be516672c393245637791114c5a8a') in 0.012406 seconds 
  Import took 0.016266 seconds .

========================================================================
Received Import Request.
  Time since last request: 5.277990 seconds.
  path: Assets/Prefabs/Rooms/T.prefab
  artifactKey: Guid(df5cdcffe3ba6c942bd2e6c72d92ff28) Importer(815301076,1909f56bfc062723c751e8b465ee728b)
Start importing Assets/Prefabs/Rooms/T.prefab using Guid(df5cdcffe3ba6c942bd2e6c72d92ff28) Importer(815301076,1909f56bfc062723c751e8b465ee728b)  -> (artifact id: '983f13642c0e9a2149af3f2afe7694e2') in 0.019813 seconds 
  Import took 0.023842 seconds .

========================================================================
Received Import Request.
  Time since last request: 5.679929 seconds.
  path: Assets/Prefabs/Rooms/TB.prefab
  artifactKey: Guid(26e8fe2062836d541a6c60c11e2f069c) Importer(815301076,1909f56bfc062723c751e8b465ee728b)
Start importing Assets/Prefabs/Rooms/TB.prefab using Guid(26e8fe2062836d541a6c60c11e2f069c) Importer(815301076,1909f56bfc062723c751e8b465ee728b)  -> (artifact id: '5ac1bce3b8d373f3cd42fc997ac855dd') in 0.014335 seconds 
  Import took 0.030501 seconds .

========================================================================
Received Import Request.
  Time since last request: 4.869345 seconds.
  path: Assets/Prefabs/Rooms/TL.prefab
  artifactKey: Guid(60188dbf52e1b0c49837ae2448e33037) Importer(815301076,1909f56bfc062723c751e8b465ee728b)
Start importing Assets/Prefabs/Rooms/TL.prefab using Guid(60188dbf52e1b0c49837ae2448e33037) Importer(815301076,1909f56bfc062723c751e8b465ee728b)  -> (artifact id: '0f63baf2d3d24ad11edec0f65f171cf4') in 0.012755 seconds 
  Import took 0.017121 seconds .

========================================================================
Received Import Request.
  Time since last request: 5.067667 seconds.
  path: Assets/Prefabs/Rooms/TR.prefab
  artifactKey: Guid(e38ea22576731d94a93caa7f015bca57) Importer(815301076,1909f56bfc062723c751e8b465ee728b)
Start importing Assets/Prefabs/Rooms/TR.prefab using Guid(e38ea22576731d94a93caa7f015bca57) Importer(815301076,1909f56bfc062723c751e8b465ee728b)  -> (artifact id: '29f75b129d40626e90aac5fc49c783c9') in 0.016500 seconds 
  Import took 0.020619 seconds .

========================================================================
Received Prepare
Registering precompiled user dll's ...
Registered in 0.009243 seconds.
Begin MonoManager ReloadAssembly
Native extension for WindowsStandalone target not found
Refreshing native plugins compatible for Editor in 0.51 ms, found 3 plugins.
Preloading 0 native plugins for Editor in 0.00 ms.
Mono: successfully reloaded assembly
- Completed reload, in  1.216 seconds
Platform modules already initialized, skipping
Refreshing native plugins compatible for Editor in 0.51 ms, found 3 plugins.
Preloading 0 native plugins for Editor in 0.00 ms.
Unloading 2087 Unused Serialized files (Serialized files now loaded: 0)
System memory in use before: 96.6 MB.
System memory in use after: 96.5 MB.

Unloading 21 unused Assets to reduce memory usage. Loaded Objects now: 2547.
Total: 2.618300 ms (FindLiveObjects: 0.239300 ms CreateObjectMapping: 0.142700 ms MarkObjects: 2.118700 ms  DeleteObjects: 0.116300 ms)

AssetImportParameters requested are different than current active one (requested -> active):
  custom:framework-win-MediaFoundation: 216162199b28c13a410421893ffa2e32 -> 
  custom:video-decoder-ogg-theora: a1e56fd34408186e4bbccfd4996cb3dc -> 
  custom:container-muxer-webm: aa71ff27fc2769a1b78a27578f13a17b -> 
  custom:container-demuxer-webm: 4f35f7cbe854078d1ac9338744f61a02 -> 
  custom:container-demuxer-ogg: 62fdf1f143b41e24485cea50d1cbac27 -> 
  custom:video-encoder-webm-vp8: eb34c28f22e8b96e1ab97ce403110664 -> 
  custom:video-decoder-webm-vp8: 9c59270c3fd7afecdb556c50c9e8de78 -> 
  custom:audio-decoder-ogg-vorbis: bf7c407c2cedff20999df2af8eb42d56 -> 
  custom:audio-encoder-webm-vorbis: bf7c407c2cedff20999df2af8eb42d56 -> 
========================================================================
Received Prepare
Registering precompiled user dll's ...
Registered in 0.008841 seconds.
Begin MonoManager ReloadAssembly
Native extension for WindowsStandalone target not found
Refreshing native plugins compatible for Editor in 0.50 ms, found 3 plugins.
Preloading 0 native plugins for Editor in 0.00 ms.
Mono: successfully reloaded assembly
- Completed reload, in  1.241 seconds
Platform modules already initialized, skipping
Refreshing native plugins compatible for Editor in 0.51 ms, found 3 plugins.
Preloading 0 native plugins for Editor in 0.00 ms.
Unloading 2087 Unused Serialized files (Serialized files now loaded: 0)
System memory in use before: 96.6 MB.
System memory in use after: 96.6 MB.

Unloading 21 unused Assets to reduce memory usage. Loaded Objects now: 2551.
Total: 2.300000 ms (FindLiveObjects: 0.165900 ms CreateObjectMapping: 0.076000 ms MarkObjects: 1.923600 ms  DeleteObjects: 0.132700 ms)

AssetImportParameters requested are different than current active one (requested -> active):
  custom:framework-win-MediaFoundation: 216162199b28c13a410421893ffa2e32 -> 
  custom:video-decoder-ogg-theora: a1e56fd34408186e4bbccfd4996cb3dc -> 
  custom:container-muxer-webm: aa71ff27fc2769a1b78a27578f13a17b -> 
  custom:container-demuxer-webm: 4f35f7cbe854078d1ac9338744f61a02 -> 
  custom:container-demuxer-ogg: 62fdf1f143b41e24485cea50d1cbac27 -> 
  custom:video-encoder-webm-vp8: eb34c28f22e8b96e1ab97ce403110664 -> 
  custom:video-decoder-webm-vp8: 9c59270c3fd7afecdb556c50c9e8de78 -> 
  custom:audio-decoder-ogg-vorbis: bf7c407c2cedff20999df2af8eb42d56 -> 
  custom:audio-encoder-webm-vorbis: bf7c407c2cedff20999df2af8eb42d56 -> 
========================================================================
Received Prepare
Registering precompiled user dll's ...
Registered in 0.012226 seconds.
Begin MonoManager ReloadAssembly
Native extension for WindowsStandalone target not found
Refreshing native plugins compatible for Editor in 0.50 ms, found 3 plugins.
Preloading 0 native plugins for Editor in 0.00 ms.
Mono: successfully reloaded assembly
- Completed reload, in  1.261 seconds
Platform modules already initialized, skipping
Refreshing native plugins compatible for Editor in 0.51 ms, found 3 plugins.
Preloading 0 native plugins for Editor in 0.00 ms.
Unloading 2087 Unused Serialized files (Serialized files now loaded: 0)
System memory in use before: 96.6 MB.
System memory in use after: 96.6 MB.

Unloading 21 unused Assets to reduce memory usage. Loaded Objects now: 2555.
Total: 2.393200 ms (FindLiveObjects: 0.189900 ms CreateObjectMapping: 0.079800 ms MarkObjects: 1.981500 ms  DeleteObjects: 0.140400 ms)

AssetImportParameters requested are different than current active one (requested -> active):
  custom:framework-win-MediaFoundation: 216162199b28c13a410421893ffa2e32 -> 
  custom:video-decoder-ogg-theora: a1e56fd34408186e4bbccfd4996cb3dc -> 
  custom:container-muxer-webm: aa71ff27fc2769a1b78a27578f13a17b -> 
  custom:container-demuxer-webm: 4f35f7cbe854078d1ac9338744f61a02 -> 
  custom:container-demuxer-ogg: 62fdf1f143b41e24485cea50d1cbac27 -> 
  custom:video-encoder-webm-vp8: eb34c28f22e8b96e1ab97ce403110664 -> 
  custom:video-decoder-webm-vp8: 9c59270c3fd7afecdb556c50c9e8de78 -> 
  custom:audio-decoder-ogg-vorbis: bf7c407c2cedff20999df2af8eb42d56 -> 
  custom:audio-encoder-webm-vorbis: bf7c407c2cedff20999df2af8eb42d56 -> 
========================================================================
Received Prepare
Registering precompiled user dll's ...
Registered in 0.011185 seconds.
Begin MonoManager ReloadAssembly
Native extension for WindowsStandalone target not found
Refreshing native plugins compatible for Editor in 0.53 ms, found 3 plugins.
Preloading 0 native plugins for Editor in 0.00 ms.
Mono: successfully reloaded assembly
- Completed reload, in  1.400 seconds
Platform modules already initialized, skipping
Refreshing native plugins compatible for Editor in 0.55 ms, found 3 plugins.
Preloading 0 native plugins for Editor in 0.00 ms.
Unloading 2087 Unused Serialized files (Serialized files now loaded: 0)
System memory in use before: 96.6 MB.
System memory in use after: 96.6 MB.

Unloading 21 unused Assets to reduce memory usage. Loaded Objects now: 2559.
Total: 2.280900 ms (FindLiveObjects: 0.181100 ms CreateObjectMapping: 0.083200 ms MarkObjects: 1.897500 ms  DeleteObjects: 0.117600 ms)

AssetImportParameters requested are different than current active one (requested -> active):
  custom:framework-win-MediaFoundation: 216162199b28c13a410421893ffa2e32 -> 
  custom:video-decoder-ogg-theora: a1e56fd34408186e4bbccfd4996cb3dc -> 
  custom:container-muxer-webm: aa71ff27fc2769a1b78a27578f13a17b -> 
  custom:container-demuxer-webm: 4f35f7cbe854078d1ac9338744f61a02 -> 
  custom:container-demuxer-ogg: 62fdf1f143b41e24485cea50d1cbac27 -> 
  custom:video-encoder-webm-vp8: eb34c28f22e8b96e1ab97ce403110664 -> 
  custom:video-decoder-webm-vp8: 9c59270c3fd7afecdb556c50c9e8de78 -> 
  custom:audio-decoder-ogg-vorbis: bf7c407c2cedff20999df2af8eb42d56 -> 
  custom:audio-encoder-webm-vorbis: bf7c407c2cedff20999df2af8eb42d56 -> 
========================================================================
Received Prepare
Registering precompiled user dll's ...
Registered in 0.009164 seconds.
Begin MonoManager ReloadAssembly
Native extension for WindowsStandalone target not found
Refreshing native plugins compatible for Editor in 0.51 ms, found 3 plugins.
Preloading 0 native plugins for Editor in 0.00 ms.
Mono: successfully reloaded assembly
- Completed reload, in  1.262 seconds
Platform modules already initialized, skipping
Refreshing native plugins compatible for Editor in 0.50 ms, found 3 plugins.
Preloading 0 native plugins for Editor in 0.00 ms.
Unloading 2087 Unused Serialized files (Serialized files now loaded: 0)
System memory in use before: 96.6 MB.
System memory in use after: 96.6 MB.

Unloading 21 unused Assets to reduce memory usage. Loaded Objects now: 2563.
Total: 2.337300 ms (FindLiveObjects: 0.179700 ms CreateObjectMapping: 0.076300 ms MarkObjects: 1.950200 ms  DeleteObjects: 0.129800 ms)

AssetImportParameters requested are different than current active one (requested -> active):
  custom:framework-win-MediaFoundation: 216162199b28c13a410421893ffa2e32 -> 
  custom:video-decoder-ogg-theora: a1e56fd34408186e4bbccfd4996cb3dc -> 
  custom:container-muxer-webm: aa71ff27fc2769a1b78a27578f13a17b -> 
  custom:container-demuxer-webm: 4f35f7cbe854078d1ac9338744f61a02 -> 
  custom:container-demuxer-ogg: 62fdf1f143b41e24485cea50d1cbac27 -> 
  custom:video-encoder-webm-vp8: eb34c28f22e8b96e1ab97ce403110664 -> 
  custom:video-decoder-webm-vp8: 9c59270c3fd7afecdb556c50c9e8de78 -> 
  custom:audio-decoder-ogg-vorbis: bf7c407c2cedff20999df2af8eb42d56 -> 
  custom:audio-encoder-webm-vorbis: bf7c407c2cedff20999df2af8eb42d56 -> 
========================================================================
Received Prepare
Registering precompiled user dll's ...
Registered in 0.009694 seconds.
Begin MonoManager ReloadAssembly
Native extension for WindowsStandalone target not found
Refreshing native plugins compatible for Editor in 0.50 ms, found 3 plugins.
Preloading 0 native plugins for Editor in 0.00 ms.
Mono: successfully reloaded assembly
- Completed reload, in  1.219 seconds
Platform modules already initialized, skipping
Refreshing native plugins compatible for Editor in 0.49 ms, found 3 plugins.
Preloading 0 native plugins for Editor in 0.00 ms.
Unloading 2087 Unused Serialized files (Serialized files now loaded: 0)
System memory in use before: 96.6 MB.
System memory in use after: 96.6 MB.

Unloading 21 unused Assets to reduce memory usage. Loaded Objects now: 2567.
Total: 2.233000 ms (FindLiveObjects: 0.162600 ms CreateObjectMapping: 0.075400 ms MarkObjects: 1.862200 ms  DeleteObjects: 0.131500 ms)

AssetImportParameters requested are different than current active one (requested -> active):
  custom:framework-win-MediaFoundation: 216162199b28c13a410421893ffa2e32 -> 
  custom:video-decoder-ogg-theora: a1e56fd34408186e4bbccfd4996cb3dc -> 
  custom:container-muxer-webm: aa71ff27fc2769a1b78a27578f13a17b -> 
  custom:container-demuxer-webm: 4f35f7cbe854078d1ac9338744f61a02 -> 
  custom:container-demuxer-ogg: 62fdf1f143b41e24485cea50d1cbac27 -> 
  custom:video-encoder-webm-vp8: eb34c28f22e8b96e1ab97ce403110664 -> 
  custom:video-decoder-webm-vp8: 9c59270c3fd7afecdb556c50c9e8de78 -> 
  custom:audio-decoder-ogg-vorbis: bf7c407c2cedff20999df2af8eb42d56 -> 
  custom:audio-encoder-webm-vorbis: bf7c407c2cedff20999df2af8eb42d56 -> 
AssetImportWorkerClient::OnTransportError - code=2 error=End of file
